I, [2021-04-12T16:51:31.314501 #2794]  INFO -- : Started GET "/" for 124.123.105.108 at 2021-04-12 16:51:31 +0530
I, [2021-04-12T16:51:31.321245 #2794]  INFO -- : Processing by BooksController#index as HTML
I, [2021-04-12T16:51:50.739090 #2794]  INFO -- :   Rendered books/_wiki_intro.html.erb (1.4ms)
I, [2021-04-12T16:51:50.756052 #2794]  INFO -- :   Rendered books/_user_enquire_form.html.erb (1.8ms)
I, [2021-04-12T16:51:50.757860 #2794]  INFO -- :   Rendered books/_wiki_guide.html.erb (0.9ms)
I, [2021-04-12T16:51:50.776159 #2794]  INFO -- :   Rendered books/_wiki_syntax.html.erb (16.0ms)
I, [2021-04-12T16:51:50.779654 #2794]  INFO -- :   Rendered books/_wiki_preview.html.erb (2.5ms)
I, [2021-04-12T16:51:50.779836 #2794]  INFO -- :   Rendered books/_wiki_copy_text.html.erb (21.1ms)
I, [2021-04-12T16:51:50.794204 #2794]  INFO -- :   Rendered books/_confirm_wiki_user.html.erb (13.4ms)
I, [2021-04-12T16:51:50.814305 #2794]  INFO -- :   Rendered books/_wiki_book.html.erb (78.6ms)
I, [2021-04-12T16:51:50.816306 #2794]  INFO -- :   Rendered books/_stats.html.erb (1.0ms)
I, [2021-04-12T16:51:50.816417 #2794]  INFO -- :   Rendered books/index.html.erb within layouts/application (91.6ms)
I, [2021-04-12T16:51:50.845701 #2794]  INFO -- :   Rendered layouts/_nav_social.html.erb (0.9ms)
I, [2021-04-12T16:51:50.846396 #2794]  INFO -- : Completed 200 OK in 19509ms (Views: 130.5ms)
I, [2021-04-12T19:37:09.022672 #3599]  INFO -- : Started GET "/" for 124.123.105.108 at 2021-04-12 19:37:09 +0530
I, [2021-04-12T19:37:09.030324 #3599]  INFO -- : Processing by BooksController#index as HTML
I, [2021-04-12T19:37:09.854745 #3599]  INFO -- :   Rendered books/_wiki_intro.html.erb (1.4ms)
I, [2021-04-12T19:37:09.857162 #3599]  INFO -- :   Rendered books/_user_enquire_form.html.erb (1.4ms)
I, [2021-04-12T19:37:09.858901 #3599]  INFO -- :   Rendered books/_wiki_guide.html.erb (0.9ms)
I, [2021-04-12T19:37:09.862998 #3599]  INFO -- :   Rendered books/_wiki_syntax.html.erb (1.9ms)
I, [2021-04-12T19:37:09.866252 #3599]  INFO -- :   Rendered books/_wiki_preview.html.erb (2.5ms)
I, [2021-04-12T19:37:09.866433 #3599]  INFO -- :   Rendered books/_wiki_copy_text.html.erb (6.7ms)
I, [2021-04-12T19:37:09.868362 #3599]  INFO -- :   Rendered books/_confirm_wiki_user.html.erb (1.1ms)
I, [2021-04-12T19:37:09.868493 #3599]  INFO -- :   Rendered books/_wiki_book.html.erb (17.0ms)
I, [2021-04-12T19:37:09.870132 #3599]  INFO -- :   Rendered books/_stats.html.erb (0.9ms)
I, [2021-04-12T19:37:09.870382 #3599]  INFO -- :   Rendered books/index.html.erb within layouts/application (23.2ms)
I, [2021-04-12T19:37:09.879110 #3599]  INFO -- :   Rendered layouts/_nav_social.html.erb (0.9ms)
I, [2021-04-12T19:37:09.879774 #3599]  INFO -- : Completed 200 OK in 849ms (Views: 42.1ms)
I, [2021-04-12T19:37:45.286310 #4005]  INFO -- : Started GET "/" for 124.123.105.108 at 2021-04-12 19:37:45 +0530
I, [2021-04-12T19:37:45.293596 #4005]  INFO -- : Processing by BooksController#index as HTML
I, [2021-04-12T19:37:45.905753 #4005]  INFO -- :   Rendered books/_wiki_intro.html.erb (1.4ms)
I, [2021-04-12T19:37:45.908188 #4005]  INFO -- :   Rendered books/_user_enquire_form.html.erb (1.5ms)
I, [2021-04-12T19:37:45.909951 #4005]  INFO -- :   Rendered books/_wiki_guide.html.erb (0.9ms)
I, [2021-04-12T19:37:45.913941 #4005]  INFO -- :   Rendered books/_wiki_syntax.html.erb (2.0ms)
I, [2021-04-12T19:37:45.916989 #4005]  INFO -- :   Rendered books/_wiki_preview.html.erb (2.3ms)
I, [2021-04-12T19:37:45.917141 #4005]  INFO -- :   Rendered books/_wiki_copy_text.html.erb (6.4ms)
I, [2021-04-12T19:37:45.919090 #4005]  INFO -- :   Rendered books/_confirm_wiki_user.html.erb (1.1ms)
I, [2021-04-12T19:37:45.919236 #4005]  INFO -- :   Rendered books/_wiki_book.html.erb (16.7ms)
I, [2021-04-12T19:37:45.920786 #4005]  INFO -- :   Rendered books/_stats.html.erb (0.8ms)
I, [2021-04-12T19:37:45.920881 #4005]  INFO -- :   Rendered books/index.html.erb within layouts/application (22.5ms)
I, [2021-04-12T19:37:45.929341 #4005]  INFO -- :   Rendered layouts/_nav_social.html.erb (0.8ms)
I, [2021-04-12T19:37:45.930055 #4005]  INFO -- : Completed 200 OK in 636ms (Views: 40.5ms)
I, [2021-04-12T19:38:27.490844 #4457]  INFO -- : Started GET "/" for 124.123.105.108 at 2021-04-12 19:38:27 +0530
I, [2021-04-12T19:38:27.497955 #4457]  INFO -- : Processing by BooksController#index as HTML
I, [2021-04-12T19:38:28.084904 #4457]  INFO -- :   Rendered books/_stats.html.erb (1.1ms)
I, [2021-04-12T19:38:28.085104 #4457]  INFO -- :   Rendered books/index.html.erb within layouts/application (5.4ms)
I, [2021-04-12T19:38:28.094304 #4457]  INFO -- :   Rendered layouts/_nav_social.html.erb (0.9ms)
I, [2021-04-12T19:38:28.094998 #4457]  INFO -- : Completed 200 OK in 597ms (Views: 23.9ms)
I, [2021-04-12T19:38:49.347776 #4772]  INFO -- : Started GET "/" for 124.123.105.108 at 2021-04-12 19:38:49 +0530
I, [2021-04-12T19:38:49.354833 #4772]  INFO -- : Processing by BooksController#index as HTML
I, [2021-04-12T19:38:50.062175 #4772]  INFO -- :   Rendered books/_stats.html.erb (1.0ms)
I, [2021-04-12T19:38:50.062410 #4772]  INFO -- :   Rendered books/index.html.erb within layouts/application (5.4ms)
I, [2021-04-12T19:38:50.082512 #4772]  INFO -- :   Rendered layouts/_nav_social.html.erb (1.0ms)
I, [2021-04-12T19:38:50.083249 #4772]  INFO -- : Completed 200 OK in 728ms (Views: 51.9ms)
